Determining if the function crc32c_value exists in the crc32c failed with the following output:
Change Dir: /home/manya/Desktop/COP290/ass_3/COP290-Assignment_3/CMakeFiles/CMakeTmp

Run Build Command(s):/usr/bin/gmake -f Makefile cmTC_36b84/fast && /usr/bin/gmake  -f CMakeFiles/cmTC_36b84.dir/build.make CMakeFiles/cmTC_36b84.dir/build
gmake[1]: Entering directory '/home/manya/Desktop/COP290/ass_3/COP290-Assignment_3/CMakeFiles/CMakeTmp'
Building C object CMakeFiles/cmTC_36b84.dir/CheckFunctionExists.c.o
/usr/bin/cc   -DCHECK_FUNCTION_EXISTS=crc32c_value -std=c11 -o CMakeFiles/cmTC_36b84.dir/CheckFunctionExists.c.o -c /usr/share/cmake-3.22/Modules/CheckFunctionExists.c
Linking C executable cmTC_36b84
/usr/bin/cmake -E cmake_link_script CMakeFiles/cmTC_36b84.dir/link.txt --verbose=1
/usr/bin/cc  -DCHECK_FUNCTION_EXISTS=crc32c_value CMakeFiles/cmTC_36b84.dir/CheckFunctionExists.c.o -o cmTC_36b84  -lcrc32c 
/usr/bin/ld: cannot find -lcrc32c: No such file or directory
collect2: error: ld returned 1 exit status
gmake[1]: *** [CMakeFiles/cmTC_36b84.dir/build.make:99: cmTC_36b84] Error 1
gmake[1]: Leaving directory '/home/manya/Desktop/COP290/ass_3/COP290-Assignment_3/CMakeFiles/CMakeTmp'
gmake: *** [Makefile:127: cmTC_36b84/fast] Error 2



Determining if the function snappy_compress exists in the snappy failed with the following output:
Change Dir: /home/manya/Desktop/COP290/ass_3/COP290-Assignment_3/CMakeFiles/CMakeTmp

Run Build Command(s):/usr/bin/gmake -f Makefile cmTC_40c2b/fast && /usr/bin/gmake  -f CMakeFiles/cmTC_40c2b.dir/build.make CMakeFiles/cmTC_40c2b.dir/build
gmake[1]: Entering directory '/home/manya/Desktop/COP290/ass_3/COP290-Assignment_3/CMakeFiles/CMakeTmp'
Building C object CMakeFiles/cmTC_40c2b.dir/CheckFunctionExists.c.o
/usr/bin/cc   -DCHECK_FUNCTION_EXISTS=snappy_compress -std=c11 -o CMakeFiles/cmTC_40c2b.dir/CheckFunctionExists.c.o -c /usr/share/cmake-3.22/Modules/CheckFunctionExists.c
Linking C executable cmTC_40c2b
/usr/bin/cmake -E cmake_link_script CMakeFiles/cmTC_40c2b.dir/link.txt --verbose=1
/usr/bin/cc  -DCHECK_FUNCTION_EXISTS=snappy_compress CMakeFiles/cmTC_40c2b.dir/CheckFunctionExists.c.o -o cmTC_40c2b  -lsnappy 
/usr/bin/ld: cannot find -lsnappy: No such file or directory
collect2: error: ld returned 1 exit status
gmake[1]: *** [CMakeFiles/cmTC_40c2b.dir/build.make:99: cmTC_40c2b] Error 1
gmake[1]: Leaving directory '/home/manya/Desktop/COP290/ass_3/COP290-Assignment_3/CMakeFiles/CMakeTmp'
gmake: *** [Makefile:127: cmTC_40c2b/fast] Error 2



Determining if the function zstd_compress exists in the zstd failed with the following output:
Change Dir: /home/manya/Desktop/COP290/ass_3/COP290-Assignment_3/CMakeFiles/CMakeTmp

Run Build Command(s):/usr/bin/gmake -f Makefile cmTC_3fca8/fast && /usr/bin/gmake  -f CMakeFiles/cmTC_3fca8.dir/build.make CMakeFiles/cmTC_3fca8.dir/build
gmake[1]: Entering directory '/home/manya/Desktop/COP290/ass_3/COP290-Assignment_3/CMakeFiles/CMakeTmp'
Building C object CMakeFiles/cmTC_3fca8.dir/CheckFunctionExists.c.o
/usr/bin/cc   -DCHECK_FUNCTION_EXISTS=zstd_compress -std=c11 -o CMakeFiles/cmTC_3fca8.dir/CheckFunctionExists.c.o -c /usr/share/cmake-3.22/Modules/CheckFunctionExists.c
Linking C executable cmTC_3fca8
/usr/bin/cmake -E cmake_link_script CMakeFiles/cmTC_3fca8.dir/link.txt --verbose=1
/usr/bin/cc  -DCHECK_FUNCTION_EXISTS=zstd_compress CMakeFiles/cmTC_3fca8.dir/CheckFunctionExists.c.o -o cmTC_3fca8  -lzstd 
/usr/bin/ld: cannot find -lzstd: No such file or directory
collect2: error: ld returned 1 exit status
gmake[1]: *** [CMakeFiles/cmTC_3fca8.dir/build.make:99: cmTC_3fca8] Error 1
gmake[1]: Leaving directory '/home/manya/Desktop/COP290/ass_3/COP290-Assignment_3/CMakeFiles/CMakeTmp'
gmake: *** [Makefile:127: cmTC_3fca8/fast] Error 2



Determining if the function malloc exists in the tcmalloc failed with the following output:
Change Dir: /home/manya/Desktop/COP290/ass_3/COP290-Assignment_3/CMakeFiles/CMakeTmp

Run Build Command(s):/usr/bin/gmake -f Makefile cmTC_27976/fast && /usr/bin/gmake  -f CMakeFiles/cmTC_27976.dir/build.make CMakeFiles/cmTC_27976.dir/build
gmake[1]: Entering directory '/home/manya/Desktop/COP290/ass_3/COP290-Assignment_3/CMakeFiles/CMakeTmp'
Building C object CMakeFiles/cmTC_27976.dir/CheckFunctionExists.c.o
/usr/bin/cc   -DCHECK_FUNCTION_EXISTS=malloc -std=c11 -o CMakeFiles/cmTC_27976.dir/CheckFunctionExists.c.o -c /usr/share/cmake-3.22/Modules/CheckFunctionExists.c
<command-line>: warning: conflicting types for built-in function ‘malloc’; expected ‘void *(long unsigned int)’ [-Wbuiltin-declaration-mismatch]
/usr/share/cmake-3.22/Modules/CheckFunctionExists.c:7:3: note: in expansion of macro ‘CHECK_FUNCTION_EXISTS’
    7 |   CHECK_FUNCTION_EXISTS(void);
      |   ^~~~~~~~~~~~~~~~~~~~~
/usr/share/cmake-3.22/Modules/CheckFunctionExists.c:1:1: note: ‘malloc’ is declared in header ‘<stdlib.h>’
  +++ |+#include <stdlib.h>
    1 | #ifdef CHECK_FUNCTION_EXISTS
Linking C executable cmTC_27976
/usr/bin/cmake -E cmake_link_script CMakeFiles/cmTC_27976.dir/link.txt --verbose=1
/usr/bin/cc  -DCHECK_FUNCTION_EXISTS=malloc CMakeFiles/cmTC_27976.dir/CheckFunctionExists.c.o -o cmTC_27976  -ltcmalloc 
/usr/bin/ld: cannot find -ltcmalloc: No such file or directory
collect2: error: ld returned 1 exit status
gmake[1]: *** [CMakeFiles/cmTC_27976.dir/build.make:99: cmTC_27976] Error 1
gmake[1]: Leaving directory '/home/manya/Desktop/COP290/ass_3/COP290-Assignment_3/CMakeFiles/CMakeTmp'
gmake: *** [Makefile:127: cmTC_27976/fast] Error 2



Determining if the F_FULLFSYNC exist failed with the following output:
Change Dir: /home/manya/Desktop/COP290/ass_3/COP290-Assignment_3/CMakeFiles/CMakeTmp

Run Build Command(s):/usr/bin/gmake -f Makefile cmTC_7b873/fast && /usr/bin/gmake  -f CMakeFiles/cmTC_7b873.dir/build.make CMakeFiles/cmTC_7b873.dir/build
gmake[1]: Entering directory '/home/manya/Desktop/COP290/ass_3/COP290-Assignment_3/CMakeFiles/CMakeTmp'
Building CXX object CMakeFiles/cmTC_7b873.dir/CheckSymbolExists.cxx.o
/usr/bin/c++    -o CMakeFiles/cmTC_7b873.dir/CheckSymbolExists.cxx.o -c /home/manya/Desktop/COP290/ass_3/COP290-Assignment_3/CMakeFiles/CMakeTmp/CheckSymbolExists.cxx
/home/manya/Desktop/COP290/ass_3/COP290-Assignment_3/CMakeFiles/CMakeTmp/CheckSymbolExists.cxx: In function ‘int main(int, char**)’:
/home/manya/Desktop/COP290/ass_3/COP290-Assignment_3/CMakeFiles/CMakeTmp/CheckSymbolExists.cxx:8:19: error: ‘F_FULLFSYNC’ was not declared in this scope
    8 |   return ((int*)(&F_FULLFSYNC))[argc];
      |                   ^~~~~~~~~~~
gmake[1]: *** [CMakeFiles/cmTC_7b873.dir/build.make:78: CMakeFiles/cmTC_7b873.dir/CheckSymbolExists.cxx.o] Error 1
gmake[1]: Leaving directory '/home/manya/Desktop/COP290/ass_3/COP290-Assignment_3/CMakeFiles/CMakeTmp'
gmake: *** [Makefile:127: cmTC_7b873/fast] Error 2


File /home/manya/Desktop/COP290/ass_3/COP290-Assignment_3/CMakeFiles/CMakeTmp/CheckSymbolExists.cxx:
/* */
#include <fcntl.h>

int main(int argc, char** argv)
{
  (void)argv;
#ifndef F_FULLFSYNC
  return ((int*)(&F_FULLFSYNC))[argc];
#else
  (void)argc;
  return 0;
#endif
}
Performing C++ SOURCE FILE Test HAVE_CLANG_THREAD_SAFETY failed with the following output:
Change Dir: /home/manya/Desktop/COP290/ass_3/COP290-Assignment_3/CMakeFiles/CMakeTmp

Run Build Command(s):/usr/bin/gmake -f Makefile cmTC_f023b/fast && /usr/bin/gmake  -f CMakeFiles/cmTC_f023b.dir/build.make CMakeFiles/cmTC_f023b.dir/build
gmake[1]: Entering directory '/home/manya/Desktop/COP290/ass_3/COP290-Assignment_3/CMakeFiles/CMakeTmp'
Building CXX object CMakeFiles/cmTC_f023b.dir/src.cxx.o
/usr/bin/c++ -DHAVE_CLANG_THREAD_SAFETY  -fno-exceptions -fno-rtti    -Wthread-safety -o CMakeFiles/cmTC_f023b.dir/src.cxx.o -c /home/manya/Desktop/COP290/ass_3/COP290-Assignment_3/CMakeFiles/CMakeTmp/src.cxx
c++: error: unrecognized command-line option '-Wthread-safety'
gmake[1]: *** [CMakeFiles/cmTC_f023b.dir/build.make:78: CMakeFiles/cmTC_f023b.dir/src.cxx.o] Error 1
gmake[1]: Leaving directory '/home/manya/Desktop/COP290/ass_3/COP290-Assignment_3/CMakeFiles/CMakeTmp'
gmake: *** [Makefile:127: cmTC_f023b/fast] Error 2


Source file was:
int main() { return 0; }
Performing C++ SOURCE FILE Test HAVE_CXX_FLAG_WSHORTEN_64_TO_32 failed with the following output:
Change Dir: /home/manya/Desktop/COP290/ass_3/COP290-Assignment_3/CMakeFiles/CMakeTmp

Run Build Command(s):/usr/bin/gmake -f Makefile cmTC_0a255/fast && /usr/bin/gmake  -f CMakeFiles/cmTC_0a255.dir/build.make CMakeFiles/cmTC_0a255.dir/build
gmake[1]: Entering directory '/home/manya/Desktop/COP290/ass_3/COP290-Assignment_3/CMakeFiles/CMakeTmp'
Building CXX object CMakeFiles/cmTC_0a255.dir/src.cxx.o
/usr/bin/c++ -DHAVE_CXX_FLAG_WSHORTEN_64_TO_32  -fno-exceptions -fno-rtti  -Wall  -Wextra  -Wshadow  -Wfloat-equal  -Wold-style-cast  -Wconversion  -Wformat=2  -Werror  -Wsuggest-override  -pedantic  -pedantic-errors  -Wshorten-64-to-32   -Wshorten-64-to-32 -std=c++17 -o CMakeFiles/cmTC_0a255.dir/src.cxx.o -c /home/manya/Desktop/COP290/ass_3/COP290-Assignment_3/CMakeFiles/CMakeTmp/src.cxx
c++: error: unrecognized command-line option '-Wshorten-64-to-32'
c++: error: unrecognized command-line option '-Wshorten-64-to-32'
gmake[1]: *** [CMakeFiles/cmTC_0a255.dir/build.make:78: CMakeFiles/cmTC_0a255.dir/src.cxx.o] Error 1
gmake[1]: Leaving directory '/home/manya/Desktop/COP290/ass_3/COP290-Assignment_3/CMakeFiles/CMakeTmp'
gmake: *** [Makefile:127: cmTC_0a255/fast] Error 2


Source file was:
int main() { return 0; }
Performing C++ SOURCE FILE Test HAVE_CXX_FLAG_WTHREAD_SAFETY failed with the following output:
Change Dir: /home/manya/Desktop/COP290/ass_3/COP290-Assignment_3/CMakeFiles/CMakeTmp

Run Build Command(s):/usr/bin/gmake -f Makefile cmTC_57082/fast && /usr/bin/gmake  -f CMakeFiles/cmTC_57082.dir/build.make CMakeFiles/cmTC_57082.dir/build
gmake[1]: Entering directory '/home/manya/Desktop/COP290/ass_3/COP290-Assignment_3/CMakeFiles/CMakeTmp'
Building CXX object CMakeFiles/cmTC_57082.dir/src.cxx.o
/usr/bin/c++ -DHAVE_CXX_FLAG_WTHREAD_SAFETY  -fno-exceptions -fno-rtti  -Wall  -Wextra  -Wshadow  -Wfloat-equal  -Wold-style-cast  -Wconversion  -Wformat=2  -Werror  -Wsuggest-override  -pedantic  -pedantic-errors  -fstrict-aliasing  -Wno-deprecated-declarations  -Wno-deprecated  -fno-exceptions  -Wstrict-aliasing  -Wthread-safety   -Wthread-safety -std=c++17 -o CMakeFiles/cmTC_57082.dir/src.cxx.o -c /home/manya/Desktop/COP290/ass_3/COP290-Assignment_3/CMakeFiles/CMakeTmp/src.cxx
c++: error: unrecognized command-line option '-Wthread-safety'
c++: error: unrecognized command-line option '-Wthread-safety'
gmake[1]: *** [CMakeFiles/cmTC_57082.dir/build.make:78: CMakeFiles/cmTC_57082.dir/src.cxx.o] Error 1
gmake[1]: Leaving directory '/home/manya/Desktop/COP290/ass_3/COP290-Assignment_3/CMakeFiles/CMakeTmp'
gmake: *** [Makefile:127: cmTC_57082/fast] Error 2


Source file was:
int main() { return 0; }
Determining if the function sqlite3_open exists in the sqlite3 failed with the following output:
Change Dir: /home/manya/Desktop/COP290/ass_3/COP290-Assignment_3/CMakeFiles/CMakeTmp

Run Build Command(s):/usr/bin/gmake -f Makefile cmTC_dd7a3/fast && /usr/bin/gmake  -f CMakeFiles/cmTC_dd7a3.dir/build.make CMakeFiles/cmTC_dd7a3.dir/build
gmake[1]: Entering directory '/home/manya/Desktop/COP290/ass_3/COP290-Assignment_3/CMakeFiles/CMakeTmp'
Building C object CMakeFiles/cmTC_dd7a3.dir/CheckFunctionExists.c.o
/usr/bin/cc   -Wstrict-prototypes -DCHECK_FUNCTION_EXISTS=sqlite3_open -std=c11 -o CMakeFiles/cmTC_dd7a3.dir/CheckFunctionExists.c.o -c /usr/share/cmake-3.22/Modules/CheckFunctionExists.c
Linking C executable cmTC_dd7a3
/usr/bin/cmake -E cmake_link_script CMakeFiles/cmTC_dd7a3.dir/link.txt --verbose=1
/usr/bin/cc  -Wstrict-prototypes -DCHECK_FUNCTION_EXISTS=sqlite3_open CMakeFiles/cmTC_dd7a3.dir/CheckFunctionExists.c.o -o cmTC_dd7a3  -lsqlite3 
/usr/bin/ld: cannot find -lsqlite3: No such file or directory
collect2: error: ld returned 1 exit status
gmake[1]: *** [CMakeFiles/cmTC_dd7a3.dir/build.make:99: cmTC_dd7a3] Error 1
gmake[1]: Leaving directory '/home/manya/Desktop/COP290/ass_3/COP290-Assignment_3/CMakeFiles/CMakeTmp'
gmake: *** [Makefile:127: cmTC_dd7a3/fast] Error 2



Performing C++ SOURCE FILE Test HAVE_KYOTOCABINET failed with the following output:
Change Dir: /home/manya/Desktop/COP290/ass_3/COP290-Assignment_3/CMakeFiles/CMakeTmp

Run Build Command(s):/usr/bin/gmake -f Makefile cmTC_3b593/fast && /usr/bin/gmake  -f CMakeFiles/cmTC_3b593.dir/build.make CMakeFiles/cmTC_3b593.dir/build
gmake[1]: Entering directory '/home/manya/Desktop/COP290/ass_3/COP290-Assignment_3/CMakeFiles/CMakeTmp'
Building CXX object CMakeFiles/cmTC_3b593.dir/src.cxx.o
/usr/bin/c++ -DHAVE_KYOTOCABINET  -fno-exceptions -fno-rtti  -o CMakeFiles/cmTC_3b593.dir/src.cxx.o -c /home/manya/Desktop/COP290/ass_3/COP290-Assignment_3/CMakeFiles/CMakeTmp/src.cxx
/home/manya/Desktop/COP290/ass_3/COP290-Assignment_3/CMakeFiles/CMakeTmp/src.cxx:2:10: fatal error: kcpolydb.h: No such file or directory
    2 | #include <kcpolydb.h>
      |          ^~~~~~~~~~~~
compilation terminated.
gmake[1]: *** [CMakeFiles/cmTC_3b593.dir/build.make:78: CMakeFiles/cmTC_3b593.dir/src.cxx.o] Error 1
gmake[1]: Leaving directory '/home/manya/Desktop/COP290/ass_3/COP290-Assignment_3/CMakeFiles/CMakeTmp'
gmake: *** [Makefile:127: cmTC_3b593/fast] Error 2


Source file was:

#include <kcpolydb.h>

int main() {
  kyotocabinet::TreeDB* db = new kyotocabinet::TreeDB();
  delete db;
  return 0;
}
  
