Determining if the function crc32c_value exists in the crc32c failed with the following output:
Change Dir: /home/manya/Desktop/COP290/ass_3/COP290-Assignment_3/build/CMakeFiles/CMakeTmp

Run Build Command(s):/usr/bin/gmake -f Makefile cmTC_ae59b/fast && /usr/bin/gmake  -f CMakeFiles/cmTC_ae59b.dir/build.make CMakeFiles/cmTC_ae59b.dir/build
gmake[1]: Entering directory '/home/manya/Desktop/COP290/ass_3/COP290-Assignment_3/build/CMakeFiles/CMakeTmp'
Building C object CMakeFiles/cmTC_ae59b.dir/CheckFunctionExists.c.o
/usr/bin/cc   -DCHECK_FUNCTION_EXISTS=crc32c_value -std=c11 -o CMakeFiles/cmTC_ae59b.dir/CheckFunctionExists.c.o -c /usr/share/cmake-3.22/Modules/CheckFunctionExists.c
Linking C executable cmTC_ae59b
/usr/bin/cmake -E cmake_link_script CMakeFiles/cmTC_ae59b.dir/link.txt --verbose=1
/usr/bin/cc  -DCHECK_FUNCTION_EXISTS=crc32c_value CMakeFiles/cmTC_ae59b.dir/CheckFunctionExists.c.o -o cmTC_ae59b  -lcrc32c 
/usr/bin/ld: cannot find -lcrc32c: No such file or directory
collect2: error: ld returned 1 exit status
gmake[1]: *** [CMakeFiles/cmTC_ae59b.dir/build.make:99: cmTC_ae59b] Error 1
gmake[1]: Leaving directory '/home/manya/Desktop/COP290/ass_3/COP290-Assignment_3/build/CMakeFiles/CMakeTmp'
gmake: *** [Makefile:127: cmTC_ae59b/fast] Error 2



Determining if the function snappy_compress exists in the snappy failed with the following output:
Change Dir: /home/manya/Desktop/COP290/ass_3/COP290-Assignment_3/build/CMakeFiles/CMakeTmp

Run Build Command(s):/usr/bin/gmake -f Makefile cmTC_21a0b/fast && /usr/bin/gmake  -f CMakeFiles/cmTC_21a0b.dir/build.make CMakeFiles/cmTC_21a0b.dir/build
gmake[1]: Entering directory '/home/manya/Desktop/COP290/ass_3/COP290-Assignment_3/build/CMakeFiles/CMakeTmp'
Building C object CMakeFiles/cmTC_21a0b.dir/CheckFunctionExists.c.o
/usr/bin/cc   -DCHECK_FUNCTION_EXISTS=snappy_compress -std=c11 -o CMakeFiles/cmTC_21a0b.dir/CheckFunctionExists.c.o -c /usr/share/cmake-3.22/Modules/CheckFunctionExists.c
Linking C executable cmTC_21a0b
/usr/bin/cmake -E cmake_link_script CMakeFiles/cmTC_21a0b.dir/link.txt --verbose=1
/usr/bin/cc  -DCHECK_FUNCTION_EXISTS=snappy_compress CMakeFiles/cmTC_21a0b.dir/CheckFunctionExists.c.o -o cmTC_21a0b  -lsnappy 
/usr/bin/ld: cannot find -lsnappy: No such file or directory
collect2: error: ld returned 1 exit status
gmake[1]: *** [CMakeFiles/cmTC_21a0b.dir/build.make:99: cmTC_21a0b] Error 1
gmake[1]: Leaving directory '/home/manya/Desktop/COP290/ass_3/COP290-Assignment_3/build/CMakeFiles/CMakeTmp'
gmake: *** [Makefile:127: cmTC_21a0b/fast] Error 2



Determining if the function zstd_compress exists in the zstd failed with the following output:
Change Dir: /home/manya/Desktop/COP290/ass_3/COP290-Assignment_3/build/CMakeFiles/CMakeTmp

Run Build Command(s):/usr/bin/gmake -f Makefile cmTC_2c987/fast && /usr/bin/gmake  -f CMakeFiles/cmTC_2c987.dir/build.make CMakeFiles/cmTC_2c987.dir/build
gmake[1]: Entering directory '/home/manya/Desktop/COP290/ass_3/COP290-Assignment_3/build/CMakeFiles/CMakeTmp'
Building C object CMakeFiles/cmTC_2c987.dir/CheckFunctionExists.c.o
/usr/bin/cc   -DCHECK_FUNCTION_EXISTS=zstd_compress -std=c11 -o CMakeFiles/cmTC_2c987.dir/CheckFunctionExists.c.o -c /usr/share/cmake-3.22/Modules/CheckFunctionExists.c
Linking C executable cmTC_2c987
/usr/bin/cmake -E cmake_link_script CMakeFiles/cmTC_2c987.dir/link.txt --verbose=1
/usr/bin/cc  -DCHECK_FUNCTION_EXISTS=zstd_compress CMakeFiles/cmTC_2c987.dir/CheckFunctionExists.c.o -o cmTC_2c987  -lzstd 
/usr/bin/ld: cannot find -lzstd: No such file or directory
collect2: error: ld returned 1 exit status
gmake[1]: *** [CMakeFiles/cmTC_2c987.dir/build.make:99: cmTC_2c987] Error 1
gmake[1]: Leaving directory '/home/manya/Desktop/COP290/ass_3/COP290-Assignment_3/build/CMakeFiles/CMakeTmp'
gmake: *** [Makefile:127: cmTC_2c987/fast] Error 2



Determining if the function malloc exists in the tcmalloc failed with the following output:
Change Dir: /home/manya/Desktop/COP290/ass_3/COP290-Assignment_3/build/CMakeFiles/CMakeTmp

Run Build Command(s):/usr/bin/gmake -f Makefile cmTC_1ea05/fast && /usr/bin/gmake  -f CMakeFiles/cmTC_1ea05.dir/build.make CMakeFiles/cmTC_1ea05.dir/build
gmake[1]: Entering directory '/home/manya/Desktop/COP290/ass_3/COP290-Assignment_3/build/CMakeFiles/CMakeTmp'
Building C object CMakeFiles/cmTC_1ea05.dir/CheckFunctionExists.c.o
/usr/bin/cc   -DCHECK_FUNCTION_EXISTS=malloc -std=c11 -o CMakeFiles/cmTC_1ea05.dir/CheckFunctionExists.c.o -c /usr/share/cmake-3.22/Modules/CheckFunctionExists.c
<command-line>: warning: conflicting types for built-in function ‘malloc’; expected ‘void *(long unsigned int)’ [-Wbuiltin-declaration-mismatch]
/usr/share/cmake-3.22/Modules/CheckFunctionExists.c:7:3: note: in expansion of macro ‘CHECK_FUNCTION_EXISTS’
    7 |   CHECK_FUNCTION_EXISTS(void);
      |   ^~~~~~~~~~~~~~~~~~~~~
/usr/share/cmake-3.22/Modules/CheckFunctionExists.c:1:1: note: ‘malloc’ is declared in header ‘<stdlib.h>’
  +++ |+#include <stdlib.h>
    1 | #ifdef CHECK_FUNCTION_EXISTS
Linking C executable cmTC_1ea05
/usr/bin/cmake -E cmake_link_script CMakeFiles/cmTC_1ea05.dir/link.txt --verbose=1
/usr/bin/cc  -DCHECK_FUNCTION_EXISTS=malloc CMakeFiles/cmTC_1ea05.dir/CheckFunctionExists.c.o -o cmTC_1ea05  -ltcmalloc 
/usr/bin/ld: cannot find -ltcmalloc: No such file or directory
collect2: error: ld returned 1 exit status
gmake[1]: *** [CMakeFiles/cmTC_1ea05.dir/build.make:99: cmTC_1ea05] Error 1
gmake[1]: Leaving directory '/home/manya/Desktop/COP290/ass_3/COP290-Assignment_3/build/CMakeFiles/CMakeTmp'
gmake: *** [Makefile:127: cmTC_1ea05/fast] Error 2



Determining if the F_FULLFSYNC exist failed with the following output:
Change Dir: /home/manya/Desktop/COP290/ass_3/COP290-Assignment_3/build/CMakeFiles/CMakeTmp

Run Build Command(s):/usr/bin/gmake -f Makefile cmTC_c230e/fast && /usr/bin/gmake  -f CMakeFiles/cmTC_c230e.dir/build.make CMakeFiles/cmTC_c230e.dir/build
gmake[1]: Entering directory '/home/manya/Desktop/COP290/ass_3/COP290-Assignment_3/build/CMakeFiles/CMakeTmp'
Building CXX object CMakeFiles/cmTC_c230e.dir/CheckSymbolExists.cxx.o
/usr/bin/c++   -std=c++17 -o CMakeFiles/cmTC_c230e.dir/CheckSymbolExists.cxx.o -c /home/manya/Desktop/COP290/ass_3/COP290-Assignment_3/build/CMakeFiles/CMakeTmp/CheckSymbolExists.cxx
/home/manya/Desktop/COP290/ass_3/COP290-Assignment_3/build/CMakeFiles/CMakeTmp/CheckSymbolExists.cxx: In function ‘int main(int, char**)’:
/home/manya/Desktop/COP290/ass_3/COP290-Assignment_3/build/CMakeFiles/CMakeTmp/CheckSymbolExists.cxx:8:19: error: ‘F_FULLFSYNC’ was not declared in this scope
    8 |   return ((int*)(&F_FULLFSYNC))[argc];
      |                   ^~~~~~~~~~~
gmake[1]: *** [CMakeFiles/cmTC_c230e.dir/build.make:78: CMakeFiles/cmTC_c230e.dir/CheckSymbolExists.cxx.o] Error 1
gmake[1]: Leaving directory '/home/manya/Desktop/COP290/ass_3/COP290-Assignment_3/build/CMakeFiles/CMakeTmp'
gmake: *** [Makefile:127: cmTC_c230e/fast] Error 2


File /home/manya/Desktop/COP290/ass_3/COP290-Assignment_3/build/CMakeFiles/CMakeTmp/CheckSymbolExists.cxx:
/* */
#include <fcntl.h>

int main(int argc, char** argv)
{
  (void)argv;
#ifndef F_FULLFSYNC
  return ((int*)(&F_FULLFSYNC))[argc];
#else
  (void)argc;
  return 0;
#endif
}
Performing C++ SOURCE FILE Test HAVE_CLANG_THREAD_SAFETY failed with the following output:
Change Dir: /home/manya/Desktop/COP290/ass_3/COP290-Assignment_3/build/CMakeFiles/CMakeTmp

Run Build Command(s):/usr/bin/gmake -f Makefile cmTC_4b060/fast && /usr/bin/gmake  -f CMakeFiles/cmTC_4b060.dir/build.make CMakeFiles/cmTC_4b060.dir/build
gmake[1]: Entering directory '/home/manya/Desktop/COP290/ass_3/COP290-Assignment_3/build/CMakeFiles/CMakeTmp'
Building CXX object CMakeFiles/cmTC_4b060.dir/src.cxx.o
/usr/bin/c++ -DHAVE_CLANG_THREAD_SAFETY  -fno-exceptions -fno-rtti    -Wthread-safety -std=c++17 -o CMakeFiles/cmTC_4b060.dir/src.cxx.o -c /home/manya/Desktop/COP290/ass_3/COP290-Assignment_3/build/CMakeFiles/CMakeTmp/src.cxx
c++: error: unrecognized command-line option '-Wthread-safety'
gmake[1]: *** [CMakeFiles/cmTC_4b060.dir/build.make:78: CMakeFiles/cmTC_4b060.dir/src.cxx.o] Error 1
gmake[1]: Leaving directory '/home/manya/Desktop/COP290/ass_3/COP290-Assignment_3/build/CMakeFiles/CMakeTmp'
gmake: *** [Makefile:127: cmTC_4b060/fast] Error 2


Source file was:
int main() { return 0; }
Performing C++ SOURCE FILE Test HAVE_CXX_FLAG_WSHORTEN_64_TO_32 failed with the following output:
Change Dir: /home/manya/Desktop/COP290/ass_3/COP290-Assignment_3/build/CMakeFiles/CMakeTmp

Run Build Command(s):/usr/bin/gmake -f Makefile cmTC_bbfaa/fast && /usr/bin/gmake  -f CMakeFiles/cmTC_bbfaa.dir/build.make CMakeFiles/cmTC_bbfaa.dir/build
gmake[1]: Entering directory '/home/manya/Desktop/COP290/ass_3/COP290-Assignment_3/build/CMakeFiles/CMakeTmp'
Building CXX object CMakeFiles/cmTC_bbfaa.dir/src.cxx.o
/usr/bin/c++ -DHAVE_CXX_FLAG_WSHORTEN_64_TO_32  -fno-exceptions -fno-rtti  -Wall  -Wextra  -Wshadow  -Wfloat-equal  -Wold-style-cast  -Wconversion  -Wformat=2  -Werror  -Wsuggest-override  -pedantic  -pedantic-errors  -Wshorten-64-to-32   -Wshorten-64-to-32 -std=c++17 -o CMakeFiles/cmTC_bbfaa.dir/src.cxx.o -c /home/manya/Desktop/COP290/ass_3/COP290-Assignment_3/build/CMakeFiles/CMakeTmp/src.cxx
c++: error: unrecognized command-line option '-Wshorten-64-to-32'
c++: error: unrecognized command-line option '-Wshorten-64-to-32'
gmake[1]: *** [CMakeFiles/cmTC_bbfaa.dir/build.make:78: CMakeFiles/cmTC_bbfaa.dir/src.cxx.o] Error 1
gmake[1]: Leaving directory '/home/manya/Desktop/COP290/ass_3/COP290-Assignment_3/build/CMakeFiles/CMakeTmp'
gmake: *** [Makefile:127: cmTC_bbfaa/fast] Error 2


Source file was:
int main() { return 0; }
Performing C++ SOURCE FILE Test HAVE_CXX_FLAG_WTHREAD_SAFETY failed with the following output:
Change Dir: /home/manya/Desktop/COP290/ass_3/COP290-Assignment_3/build/CMakeFiles/CMakeTmp

Run Build Command(s):/usr/bin/gmake -f Makefile cmTC_87f7c/fast && /usr/bin/gmake  -f CMakeFiles/cmTC_87f7c.dir/build.make CMakeFiles/cmTC_87f7c.dir/build
gmake[1]: Entering directory '/home/manya/Desktop/COP290/ass_3/COP290-Assignment_3/build/CMakeFiles/CMakeTmp'
Building CXX object CMakeFiles/cmTC_87f7c.dir/src.cxx.o
/usr/bin/c++ -DHAVE_CXX_FLAG_WTHREAD_SAFETY  -fno-exceptions -fno-rtti  -Wall  -Wextra  -Wshadow  -Wfloat-equal  -Wold-style-cast  -Wconversion  -Wformat=2  -Werror  -Wsuggest-override  -pedantic  -pedantic-errors  -fstrict-aliasing  -Wno-deprecated-declarations  -Wno-deprecated  -fno-exceptions  -Wstrict-aliasing  -Wthread-safety   -Wthread-safety -std=c++17 -o CMakeFiles/cmTC_87f7c.dir/src.cxx.o -c /home/manya/Desktop/COP290/ass_3/COP290-Assignment_3/build/CMakeFiles/CMakeTmp/src.cxx
c++: error: unrecognized command-line option '-Wthread-safety'
c++: error: unrecognized command-line option '-Wthread-safety'
gmake[1]: *** [CMakeFiles/cmTC_87f7c.dir/build.make:78: CMakeFiles/cmTC_87f7c.dir/src.cxx.o] Error 1
gmake[1]: Leaving directory '/home/manya/Desktop/COP290/ass_3/COP290-Assignment_3/build/CMakeFiles/CMakeTmp'
gmake: *** [Makefile:127: cmTC_87f7c/fast] Error 2


Source file was:
int main() { return 0; }
Determining if the function sqlite3_open exists in the sqlite3 failed with the following output:
Change Dir: /home/manya/Desktop/COP290/ass_3/COP290-Assignment_3/build/CMakeFiles/CMakeTmp

Run Build Command(s):/usr/bin/gmake -f Makefile cmTC_9d6f0/fast && /usr/bin/gmake  -f CMakeFiles/cmTC_9d6f0.dir/build.make CMakeFiles/cmTC_9d6f0.dir/build
gmake[1]: Entering directory '/home/manya/Desktop/COP290/ass_3/COP290-Assignment_3/build/CMakeFiles/CMakeTmp'
Building C object CMakeFiles/cmTC_9d6f0.dir/CheckFunctionExists.c.o
/usr/bin/cc   -Wstrict-prototypes -DCHECK_FUNCTION_EXISTS=sqlite3_open -std=c11 -o CMakeFiles/cmTC_9d6f0.dir/CheckFunctionExists.c.o -c /usr/share/cmake-3.22/Modules/CheckFunctionExists.c
Linking C executable cmTC_9d6f0
/usr/bin/cmake -E cmake_link_script CMakeFiles/cmTC_9d6f0.dir/link.txt --verbose=1
/usr/bin/cc  -Wstrict-prototypes -DCHECK_FUNCTION_EXISTS=sqlite3_open CMakeFiles/cmTC_9d6f0.dir/CheckFunctionExists.c.o -o cmTC_9d6f0  -lsqlite3 
/usr/bin/ld: cannot find -lsqlite3: No such file or directory
collect2: error: ld returned 1 exit status
gmake[1]: *** [CMakeFiles/cmTC_9d6f0.dir/build.make:99: cmTC_9d6f0] Error 1
gmake[1]: Leaving directory '/home/manya/Desktop/COP290/ass_3/COP290-Assignment_3/build/CMakeFiles/CMakeTmp'
gmake: *** [Makefile:127: cmTC_9d6f0/fast] Error 2



Performing C++ SOURCE FILE Test HAVE_KYOTOCABINET failed with the following output:
Change Dir: /home/manya/Desktop/COP290/ass_3/COP290-Assignment_3/build/CMakeFiles/CMakeTmp

Run Build Command(s):/usr/bin/gmake -f Makefile cmTC_84629/fast && /usr/bin/gmake  -f CMakeFiles/cmTC_84629.dir/build.make CMakeFiles/cmTC_84629.dir/build
gmake[1]: Entering directory '/home/manya/Desktop/COP290/ass_3/COP290-Assignment_3/build/CMakeFiles/CMakeTmp'
Building CXX object CMakeFiles/cmTC_84629.dir/src.cxx.o
/usr/bin/c++ -DHAVE_KYOTOCABINET  -fno-exceptions -fno-rtti  -std=c++17 -o CMakeFiles/cmTC_84629.dir/src.cxx.o -c /home/manya/Desktop/COP290/ass_3/COP290-Assignment_3/build/CMakeFiles/CMakeTmp/src.cxx
/home/manya/Desktop/COP290/ass_3/COP290-Assignment_3/build/CMakeFiles/CMakeTmp/src.cxx:2:10: fatal error: kcpolydb.h: No such file or directory
    2 | #include <kcpolydb.h>
      |          ^~~~~~~~~~~~
compilation terminated.
gmake[1]: *** [CMakeFiles/cmTC_84629.dir/build.make:78: CMakeFiles/cmTC_84629.dir/src.cxx.o] Error 1
gmake[1]: Leaving directory '/home/manya/Desktop/COP290/ass_3/COP290-Assignment_3/build/CMakeFiles/CMakeTmp'
gmake: *** [Makefile:127: cmTC_84629/fast] Error 2


Source file was:

#include <kcpolydb.h>

int main() {
  kyotocabinet::TreeDB* db = new kyotocabinet::TreeDB();
  delete db;
  return 0;
}
  
